<?xml version="1.0" encoding="UTF-8"?>
<!-- Generated by org.testng.reporters.JUnitReportReporter -->
<testsuite hostname="EPRUSARW1003" name="tests.mainPageTests.portfolioPageTests.EditText_UnderlineTest" tests="5" failures="0" timestamp="31 May 2018 09:36:38 GMT" time="27.562" errors="0">
  <testcase name="makeUnderlineTextOnCommonPortfolio" time="4.732" classname="tests.mainPageTests.portfolioPageTests.EditText_UnderlineTest"/>
  <testcase name="makeUnderlineItalicTextOnPractiksPortfolio" time="6.102" classname="tests.mainPageTests.portfolioPageTests.EditText_UnderlineTest"/>
  <testcase name="makeUnderlineTextOnIndividualAchievementsPortfolio" time="5.468" classname="tests.mainPageTests.portfolioPageTests.EditText_UnderlineTest"/>
  <testcase name="makeUnderlineTextOnOtherInfoPortfolio" time="5.944" classname="tests.mainPageTests.portfolioPageTests.EditText_UnderlineTest"/>
  <testcase name="makeUnderlineTextOnCourseWorksPortfolio" time="5.316" classname="tests.mainPageTests.portfolioPageTests.EditText_UnderlineTest"/>
</testsuite> <!-- tests.mainPageTests.portfolioPageTests.EditText_UnderlineTest -->
