<?xml version="1.0" encoding="UTF-8"?>
<!-- Generated by org.testng.reporters.JUnitReportReporter -->
<testsuite hostname="EPRUSARW1003" name="tests.mainPageTests.portfolioPageTests.EditText_BoldTest" tests="5" failures="0" timestamp="31 May 2018 09:36:38 GMT" time="35.964" errors="0">
  <testcase name="makeBoldTextOnCommonPortfolio" time="7.327" classname="tests.mainPageTests.portfolioPageTests.EditText_BoldTest"/>
  <testcase name="makeBoldTextOnPractiksPortfolio" time="7.183" classname="tests.mainPageTests.portfolioPageTests.EditText_BoldTest"/>
  <testcase name="makeBoldTextOnIndividualAchievementsPortfolio" time="7.128" classname="tests.mainPageTests.portfolioPageTests.EditText_BoldTest"/>
  <testcase name="makeBoldTextOnCourseWorksPortfolio" time="7.320" classname="tests.mainPageTests.portfolioPageTests.EditText_BoldTest"/>
  <testcase name="makeBoldTextOnOtherInfoPortfolio" time="7.006" classname="tests.mainPageTests.portfolioPageTests.EditText_BoldTest"/>
</testsuite> <!-- tests.mainPageTests.portfolioPageTests.EditText_BoldTest -->
