<?xml version="1.0" encoding="UTF-8"?>
<!-- Generated by org.testng.reporters.JUnitReportReporter -->
<testsuite hostname="EPRUSARW1003" name="tests.mainPageTests.portfolioPageTests.EditText_ItalicTest" tests="5" failures="0" timestamp="31 May 2018 09:36:38 GMT" time="28.778" errors="0">
  <testcase name="makeItalicTextOnIndividualAchievementsPortfolio" time="6.233" classname="tests.mainPageTests.portfolioPageTests.EditText_ItalicTest"/>
  <testcase name="makeItalicTextOnCourseWorksPortfolio" time="4.975" classname="tests.mainPageTests.portfolioPageTests.EditText_ItalicTest"/>
  <testcase name="makeItalicTextOnPractiksPortfolio" time="5.754" classname="tests.mainPageTests.portfolioPageTests.EditText_ItalicTest"/>
  <testcase name="makeItalicTextOnCommonPortfolio" time="5.430" classname="tests.mainPageTests.portfolioPageTests.EditText_ItalicTest"/>
  <testcase name="makeItalicTextOnOtherInfoPortfolio" time="6.386" classname="tests.mainPageTests.portfolioPageTests.EditText_ItalicTest"/>
</testsuite> <!-- tests.mainPageTests.portfolioPageTests.EditText_ItalicTest -->
