<?xml version="1.0" encoding="UTF-8"?>
<!-- Generated by org.testng.reporters.JUnitReportReporter -->
<testsuite hostname="EPRUSARW1003" name="tests.mainPageTests.portfolioPageTests.PortfolioTest" tests="7" failures="0" timestamp="31 May 2018 09:36:38 GMT" time="33.869" errors="0">
  <testcase name="openIndividualAchievementsPortfolioInViewingMode" time="3.422" classname="tests.mainPageTests.portfolioPageTests.PortfolioTest"/>
  <testcase name="openOtherInfoPortfolioInViewingMode" time="4.010" classname="tests.mainPageTests.portfolioPageTests.PortfolioTest"/>
  <testcase name="openPractiksPortfolioInViewingMode" time="4.012" classname="tests.mainPageTests.portfolioPageTests.PortfolioTest"/>
  <testcase name="openAllPortfolioInViewingMode" time="4.085" classname="tests.mainPageTests.portfolioPageTests.PortfolioTest"/>
  <testcase name="downloadPortfolio" time="10.275" classname="tests.mainPageTests.portfolioPageTests.PortfolioTest"/>
  <testcase name="openCommonPortfolioInViewingMode" time="4.168" classname="tests.mainPageTests.portfolioPageTests.PortfolioTest"/>
  <testcase name="openCourseWorksPortfolioInViewingMode" time="3.897" classname="tests.mainPageTests.portfolioPageTests.PortfolioTest"/>
</testsuite> <!-- tests.mainPageTests.portfolioPageTests.PortfolioTest -->
