<?xml version="1.0" encoding="UTF-8"?>
<!-- Generated by org.testng.reporters.JUnitReportReporter -->
<testsuite hostname="EPRUSARW1003" name="tests.LoginTest" tests="3" failures="0" timestamp="31 May 2018 09:36:38 GMT" time="93.120" errors="0">
  <testcase name="loginFalse_and_PasswordTrue" time="31.034" classname="tests.LoginTest"/>
  <testcase name="loginTrue_and_PasswordFalse" time="30.905" classname="tests.LoginTest"/>
  <testcase name="loginFalse_and_PasswordFalse" time="31.181" classname="tests.LoginTest"/>
</testsuite> <!-- tests.LoginTest -->
