<?xml version="1.0" encoding="UTF-8"?>
<!-- Generated by org.testng.reporters.JUnitReportReporter -->
<testsuite hostname="EPRUSARW1003" name="tests.informationPageTests.InformationTest" tests="3" failures="0" timestamp="31 May 2018 09:36:38 GMT" time="4.993" errors="0">
  <testcase name="isContactsAndDocumentsBlock" time="1.489" classname="tests.informationPageTests.InformationTest"/>
  <testcase name="openDocument" time="2.018" classname="tests.informationPageTests.InformationTest"/>
  <testcase name="isGroupmatesListBlock" time="1.486" classname="tests.informationPageTests.InformationTest"/>
</testsuite> <!-- tests.informationPageTests.InformationTest -->
